<?xml version="1.0" encoding="UTF-8"?>
<!-- Generated by org.testng.reporters.JUnitXMLReporter -->
<testsuite hostname="Ambuk3148305" name="DealTest" tests="2" failures="0" timestamp="30 Aug 2018 06:41:33 GMT" time="0.889" errors="0">
  <testcase name="createDealTest" time="0.007" classname="com.qtpselenium.zoho.project.testcases.DealTest">
    <skipped/>
  </testcase> <!-- createDealTest -->
  <testcase name="deleteDealTest" time="0.089" classname="com.qtpselenium.zoho.project.testcases.DealTest">
    <skipped/>
  </testcase> <!-- deleteDealTest -->
</testsuite> <!-- DealTest -->
