<?xml version="1.0" encoding="UTF-8"?>
<!-- Generated by org.testng.reporters.JUnitXMLReporter -->
<testsuite hostname="Ambuk3148305" name="LoginTest" tests="2" failures="0" timestamp="30 Aug 2018 06:41:33 GMT" time="0.871" errors="0">
  <testcase name="doLoginTest" time="0.007" classname="com.qtpselenium.zoho.project.testcases.LoginTest">
    <skipped/>
  </testcase> <!-- doLoginTest -->
  <testcase name="doLoginTest" time="0.008" classname="com.qtpselenium.zoho.project.testcases.LoginTest">
    <skipped/>
  </testcase> <!-- doLoginTest -->
</testsuite> <!-- LoginTest -->
