<?xml version="1.0" encoding="UTF-8"?>
<!-- Generated by org.testng.reporters.JUnitXMLReporter -->
<testsuite hostname="Ambuk3148305" name="Default test" tests="2" failures="0" timestamp="28 Aug 2018 06:34:34 GMT" time="32.631" errors="0">
  <testcase name="createDealTest" time="31.847" classname="com.qtpselenium.zoho.project.testcases.DealTest"/>
  <testcase name="deleteDealTest" time="0.003" classname="com.qtpselenium.zoho.project.testcases.DealTest">
    <skipped/>
  </testcase> <!-- deleteDealTest -->
</testsuite> <!-- Default test -->
